<?xml version="1.0" encoding="UTF-8"?>
<!-- Generated by org.testng.reporters.JUnitXMLReporter -->
<testsuite ignored="0" hostname="STDPW03F8G8" failures="0" tests="4" name="Default test" time="117.937" errors="0" timestamp="12 Mar 2023 23:30:17 GMT">
  <testcase classname="com.portal.tests.HomePageTest" name="homePageTitleTest" time="0.028"/>
  <testcase classname="com.portal.tests.HomePageTest" name="homePageUrlTest" time="0.002"/>
  <testcase classname="com.portal.tests.HomePageTest" name="login" time="0.746"/>
  <testcase classname="com.portal.tests.HomePageTest" name="searchAgreement" time="0.618"/>
</testsuite> <!-- Default test -->
