<?xml version="1.0" encoding="UTF-8"?>
<!-- Generated by org.testng.reporters.JUnitXMLReporter -->
<testsuite ignored="0" hostname="STDPW03F8G8" failures="0" tests="3" name="Test" time="4.933" errors="0" timestamp="12 Mar 2023 10:58:18 GMT">
  <testcase classname="com.portal.tests.HomePageTest" name="homePageTitleTest" time="0.015"/>
  <testcase classname="com.portal.tests.HomePageTest" name="homePageUrlTest" time="0.003"/>
  <testcase classname="com.portal.tests.HomePageTest" name="login" time="0.655"/>
</testsuite> <!-- Test -->
