<?xml version="1.0" encoding="UTF-8"?>
<testng-results ignored="0" total="4" passed="4" failed="0" skipped="0">
  <reporter-output>
  </reporter-output>
  <suite started-at="2023-03-13T16:16:09Z" name="Suite" finished-at="2023-03-13T16:16:20Z" duration-ms="11718">
    <groups>
    </groups>
    <test started-at="2023-03-13T16:16:09Z" name="Test" finished-at="2023-03-13T16:16:20Z" duration-ms="11718">
      <class name="com.portal.tests.HomePageTest">
        <test-method is-config="true" signature="setup()[pri:0, instance:com.portal.tests.HomePageTest@46cdf8bd]" started-at="2023-03-13T16:16:09Z" name="setup" finished-at="2023-03-13T16:16:19Z" duration-ms="10687" status="PASS">
          <reporter-output>
          </reporter-output>
        </test-method> <!-- setup -->
        <test-method signature="homePageTitleTest()[pri:0, instance:com.portal.tests.HomePageTest@46cdf8bd]" started-at="2023-03-13T16:16:19Z" name="homePageTitleTest" finished-at="2023-03-13T16:16:19Z" duration-ms="9" status="PASS">
          <reporter-output>
          </reporter-output>
        </test-method> <!-- homePageTitleTest -->
        <test-method signature="homePageUrlTest()[pri:0, instance:com.portal.tests.HomePageTest@46cdf8bd]" started-at="2023-03-13T16:16:19Z" name="homePageUrlTest" finished-at="2023-03-13T16:16:19Z" duration-ms="1" status="PASS">
          <reporter-output>
          </reporter-output>
        </test-method> <!-- homePageUrlTest -->
        <test-method signature="login()[pri:0, instance:com.portal.tests.HomePageTest@46cdf8bd]" started-at="2023-03-13T16:16:19Z" name="login" finished-at="2023-03-13T16:16:20Z" duration-ms="545" status="PASS">
          <reporter-output>
          </reporter-output>
        </test-method> <!-- login -->
        <test-method signature="searchAgreement(java.lang.String)[pri:0, instance:com.portal.tests.HomePageTest@46cdf8bd]" started-at="2023-03-13T16:16:20Z" name="searchAgreement" data-provider="getAgreementData" finished-at="2023-03-13T16:16:20Z" duration-ms="322" status="PASS">
          <params>
            <param index="0">
              <value>
                <![CDATA[000050580]]>
              </value>
            </param>
          </params>
          <reporter-output>
          </reporter-output>
        </test-method> <!-- searchAgreement -->
        <test-method is-config="true" signature="teardown()[pri:0, instance:com.portal.tests.HomePageTest@46cdf8bd]" started-at="2023-03-13T16:16:20Z" name="teardown" finished-at="2023-03-13T16:16:20Z" duration-ms="141" status="PASS">
          <reporter-output>
          </reporter-output>
        </test-method> <!-- teardown -->
      </class> <!-- com.portal.tests.HomePageTest -->
    </test> <!-- Test -->
  </suite> <!-- Suite -->
</testng-results>
