<?xml version="1.0" encoding="UTF-8"?>
<testsuite xmlns:xsi="http://www.w3.org/2001/XMLSchema-instance" xsi:noNamespaceSchemaLocation="https://maven.apache.org/surefire/maven-surefire-plugin/xsd/surefire-test-report-3.0.xsd" version="3.0" name="TestSuite" time="12.877" tests="4" errors="0" skipped="0" failures="0">
  <properties>
[...]
</properties>
  <testcase name="homePageTitleTest" classname="com.portal.tests.HomePageTest" time="0.01">
    <system-out><![CDATA[[TestNGContentHandler] [WARN] It is strongly recommended to add "<!DOCTYPE suite SYSTEM "http://testng.org/testng-1.0.dtd" >" at the top of your file, otherwise TestNG may fail or not work as expected.
...
... TestNG 6.14.3 by Cédric Beust (cedric@beust.com)
...

browser name is : chrome
Title is PremFina - Service by PremFina
]]></system-out>
  </testcase>
  <testcase name="homePageUrlTest" classname="com.portal.tests.HomePageTest" time="0"/>
  <testcase name="login" classname="com.portal.tests.HomePageTest" time="0.543"/>
  <testcase name="searchAgreement[000050580](1)" classname="com.portal.tests.HomePageTest" time="0.323">
    <system-out><![CDATA[search agrSearchheader: Agreement Reference:
search agrAgrResultheader: Agr Reference
]]></system-out>
  </testcase>
</testsuite>