<?xml version="1.0" encoding="UTF-8"?>
<testng-results ignored="0" total="6" passed="5" failed="1" skipped="0">
  <reporter-output>
  </reporter-output>
  <suite started-at="2023-03-13T15:37:23Z" name="Portal Test Regression Suite" finished-at="2023-03-13T15:38:08Z" duration-ms="44865">
    <groups>
    </groups>
    <test started-at="2023-03-13T15:37:23Z" name="BrokerPortalTestOne" finished-at="2023-03-13T15:37:39Z" duration-ms="15937">
      <class name="com.portal.tests.HomePageTest">
        <test-method is-config="true" signature="setup()[pri:0, instance:com.portal.tests.HomePageTest@6cfcd46d]" started-at="2023-03-13T15:37:23Z" name="setup" finished-at="2023-03-13T15:37:36Z" duration-ms="13178" status="PASS">
          <reporter-output>
          </reporter-output>
        </test-method> <!-- setup -->
        <test-method signature="homePageTitleTest()[pri:0, instance:com.portal.tests.HomePageTest@6cfcd46d]" started-at="2023-03-13T15:37:36Z" name="homePageTitleTest" finished-at="2023-03-13T15:37:36Z" duration-ms="17" status="PASS">
          <reporter-output>
          </reporter-output>
        </test-method> <!-- homePageTitleTest -->
        <test-method signature="homePageUrlTest()[pri:0, instance:com.portal.tests.HomePageTest@6cfcd46d]" started-at="2023-03-13T15:37:37Z" name="homePageUrlTest" finished-at="2023-03-13T15:37:37Z" duration-ms="2" status="PASS">
          <reporter-output>
          </reporter-output>
        </test-method> <!-- homePageUrlTest -->
        <test-method signature="login()[pri:0, instance:com.portal.tests.HomePageTest@6cfcd46d]" started-at="2023-03-13T15:37:37Z" name="login" finished-at="2023-03-13T15:37:38Z" duration-ms="616" status="PASS">
          <reporter-output>
          </reporter-output>
        </test-method> <!-- login -->
        <test-method signature="searchAgreement(java.lang.String)[pri:0, instance:com.portal.tests.HomePageTest@6cfcd46d]" started-at="2023-03-13T15:37:38Z" name="searchAgreement" data-provider="getAgreementData" finished-at="2023-03-13T15:37:39Z" duration-ms="369" status="PASS">
          <params>
            <param index="0">
              <value>
                <![CDATA[000050580]]>
              </value>
            </param>
          </params>
          <reporter-output>
          </reporter-output>
        </test-method> <!-- searchAgreement -->
        <test-method is-config="true" signature="teardown()[pri:0, instance:com.portal.tests.HomePageTest@6cfcd46d]" started-at="2023-03-13T15:37:39Z" name="teardown" finished-at="2023-03-13T15:37:39Z" duration-ms="164" status="PASS">
          <reporter-output>
          </reporter-output>
        </test-method> <!-- teardown -->
      </class> <!-- com.portal.tests.HomePageTest -->
    </test> <!-- BrokerPortalTestOne -->
    <test started-at="2023-03-13T15:37:23Z" name="BrokerPortalTestTwo" finished-at="2023-03-13T15:38:08Z" duration-ms="44865">
      <class name="com.portal.tests.AdminPageTest">
        <test-method is-config="true" signature="setup()[pri:0, instance:com.portal.tests.AdminPageTest@4c4d27c8]" started-at="2023-03-13T15:37:23Z" name="setup" finished-at="2023-03-13T15:37:36Z" duration-ms="12808" status="PASS">
          <reporter-output>
          </reporter-output>
        </test-method> <!-- setup -->
        <test-method signature="adminPageSearchTest()[pri:0, instance:com.portal.tests.AdminPageTest@4c4d27c8]" started-at="2023-03-13T15:37:36Z" name="adminPageSearchTest" finished-at="2023-03-13T15:37:37Z" duration-ms="1010" status="PASS">
          <reporter-output>
          </reporter-output>
        </test-method> <!-- adminPageSearchTest -->
        <test-method signature="quickQuote()[pri:0, instance:com.portal.tests.AdminPageTest@4c4d27c8]" started-at="2023-03-13T15:37:37Z" name="quickQuote" finished-at="2023-03-13T15:38:07Z" duration-ms="30017" status="FAIL">
          <exception class="com.microsoft.playwright.TimeoutError">
            <message>
              <![CDATA[Error {
  message='Timeout 30000ms exceeded.
=========================== logs ===========================
waiting for locator("xpath=//input[@placeholder='Username']")
============================================================
  name='TimeoutError
  stack='TimeoutError: Timeout 30000ms exceeded.
=========================== logs ===========================
waiting for locator("xpath=//input[@placeholder='Username']")
============================================================
    at ProgressController.run (C:\Users\KRISHN~1\AppData\Local\Temp\playwright-java-9679724094358227766\package\lib\server\progress.js:88:26)
    at Frame.fill (C:\Users\KRISHN~1\AppData\Local\Temp\playwright-java-9679724094358227766\package\lib\server\frames.js:1062:23)
    at FrameDispatcher.fill (C:\Users\KRISHN~1\AppData\Local\Temp\playwright-java-9679724094358227766\package\lib\server\dispatchers\frameDispatcher.js:161:30)
    at DispatcherConnection.dispatch (C:\Users\KRISHN~1\AppData\Local\Temp\playwright-java-9679724094358227766\package\lib\server\dispatchers\dispatcher.js:319:46)
}]]>
            </message>
            <full-stacktrace>
              <![CDATA[com.microsoft.playwright.TimeoutError: Error {
  message='Timeout 30000ms exceeded.
=========================== logs ===========================
waiting for locator("xpath=//input[@placeholder='Username']")
============================================================
  name='TimeoutError
  stack='TimeoutError: Timeout 30000ms exceeded.
=========================== logs ===========================
waiting for locator("xpath=//input[@placeholder='Username']")
============================================================
    at ProgressController.run (C:\Users\KRISHN~1\AppData\Local\Temp\playwright-java-9679724094358227766\package\lib\server\progress.js:88:26)
    at Frame.fill (C:\Users\KRISHN~1\AppData\Local\Temp\playwright-java-9679724094358227766\package\lib\server\frames.js:1062:23)
    at FrameDispatcher.fill (C:\Users\KRISHN~1\AppData\Local\Temp\playwright-java-9679724094358227766\package\lib\server\dispatchers\frameDispatcher.js:161:30)
    at DispatcherConnection.dispatch (C:\Users\KRISHN~1\AppData\Local\Temp\playwright-java-9679724094358227766\package\lib\server\dispatchers\dispatcher.js:319:46)
}
at com.microsoft.playwright.impl.WaitableResult.get(WaitableResult.java:52)
at com.microsoft.playwright.impl.ChannelOwner.runUntil(ChannelOwner.java:111)
at com.microsoft.playwright.impl.Connection.sendMessage(Connection.java:119)
at com.microsoft.playwright.impl.ChannelOwner.sendMessage(ChannelOwner.java:102)
at com.microsoft.playwright.impl.FrameImpl.fillImpl(FrameImpl.java:335)
at com.microsoft.playwright.impl.PageImpl.lambda$fill$27(PageImpl.java:679)
at com.microsoft.playwright.impl.LoggingSupport.lambda$withLogging$0(LoggingSupport.java:36)
at com.microsoft.playwright.impl.LoggingSupport.withLogging(LoggingSupport.java:47)
at com.microsoft.playwright.impl.ChannelOwner.withLogging(ChannelOwner.java:87)
at com.microsoft.playwright.impl.LoggingSupport.withLogging(LoggingSupport.java:35)
at com.microsoft.playwright.impl.PageImpl.fill(PageImpl.java:678)
at com.microsoft.playwright.Page.fill(Page.java:4438)
at com.portal.pages.HomePage.login(HomePage.java:40)
at com.portal.tests.AdminPageTest.quickQuote(AdminPageTest.java:27)
at java.base/jdk.internal.reflect.NativeMethodAccessorImpl.invoke0(Native Method)
at java.base/jdk.internal.reflect.NativeMethodAccessorImpl.invoke(NativeMethodAccessorImpl.java:77)
at java.base/jdk.internal.reflect.DelegatingMethodAccessorImpl.invoke(DelegatingMethodAccessorImpl.java:43)
at java.base/java.lang.reflect.Method.invoke(Method.java:568)
at org.testng.internal.MethodInvocationHelper.invokeMethod(MethodInvocationHelper.java:124)
at org.testng.internal.Invoker.invokeMethod(Invoker.java:583)
at org.testng.internal.Invoker.invokeTestMethod(Invoker.java:719)
at org.testng.internal.Invoker.invokeTestMethods(Invoker.java:989)
at org.testng.internal.TestMethodWorker.invokeTestMethods(TestMethodWorker.java:125)
at org.testng.internal.TestMethodWorker.run(TestMethodWorker.java:109)
at org.testng.TestRunner.privateRun(TestRunner.java:648)
at org.testng.TestRunner.run(TestRunner.java:505)
at org.testng.SuiteRunner.runTest(SuiteRunner.java:455)
at org.testng.SuiteRunner.access$000(SuiteRunner.java:40)
at org.testng.SuiteRunner$SuiteWorker.run(SuiteRunner.java:489)
at org.testng.internal.thread.ThreadUtil$1.call(ThreadUtil.java:52)
at java.base/java.util.concurrent.FutureTask.run(FutureTask.java:264)
at java.base/java.util.concurrent.ThreadPoolExecutor.runWorker(ThreadPoolExecutor.java:1136)
at java.base/java.util.concurrent.ThreadPoolExecutor$Worker.run(ThreadPoolExecutor.java:635)
at java.base/java.lang.Thread.run(Thread.java:833)
Caused by: com.microsoft.playwright.TimeoutError: Error {
  message='Timeout 30000ms exceeded.
=========================== logs ===========================
waiting for locator("xpath=//input[@placeholder='Username']")
============================================================
  name='TimeoutError
  stack='TimeoutError: Timeout 30000ms exceeded.
=========================== logs ===========================
waiting for locator("xpath=//input[@placeholder='Username']")
============================================================
    at ProgressController.run (C:\Users\KRISHN~1\AppData\Local\Temp\playwright-java-9679724094358227766\package\lib\server\progress.js:88:26)
    at Frame.fill (C:\Users\KRISHN~1\AppData\Local\Temp\playwright-java-9679724094358227766\package\lib\server\frames.js:1062:23)
    at FrameDispatcher.fill (C:\Users\KRISHN~1\AppData\Local\Temp\playwright-java-9679724094358227766\package\lib\server\dispatchers\frameDispatcher.js:161:30)
    at DispatcherConnection.dispatch (C:\Users\KRISHN~1\AppData\Local\Temp\playwright-java-9679724094358227766\package\lib\server\dispatchers\dispatcher.js:319:46)
}
at com.microsoft.playwright.impl.Connection.dispatch(Connection.java:199)
at com.microsoft.playwright.impl.Connection.processOneMessage(Connection.java:181)
at com.microsoft.playwright.impl.ChannelOwner.runUntil(ChannelOwner.java:109)
... 32 more
]]>
            </full-stacktrace>
          </exception> <!-- com.microsoft.playwright.TimeoutError -->
          <reporter-output>
          </reporter-output>
        </test-method> <!-- quickQuote -->
        <test-method is-config="true" signature="teardown()[pri:0, instance:com.portal.tests.AdminPageTest@4c4d27c8]" started-at="2023-03-13T15:38:08Z" name="teardown" finished-at="2023-03-13T15:38:08Z" duration-ms="149" status="PASS">
          <reporter-output>
          </reporter-output>
        </test-method> <!-- teardown -->
      </class> <!-- com.portal.tests.AdminPageTest -->
    </test> <!-- BrokerPortalTestTwo -->
  </suite> <!-- Portal Test Regression Suite -->
</testng-results>
