<?xml version="1.0" encoding="UTF-8"?>
<!-- Generated by org.testng.reporters.JUnitXMLReporter -->
<testsuite ignored="0" hostname="STDPW03F8G8" failures="0" tests="4" name="BrokerPortalTestOne" time="15.937" errors="0" timestamp="13 Mar 2023 15:37:39 GMT">
  <testcase classname="com.portal.tests.HomePageTest" name="homePageTitleTest" time="0.017"/>
  <testcase classname="com.portal.tests.HomePageTest" name="homePageUrlTest" time="0.002"/>
  <testcase classname="com.portal.tests.HomePageTest" name="login" time="0.616"/>
  <testcase classname="com.portal.tests.HomePageTest" name="searchAgreement" time="0.369"/>
</testsuite> <!-- BrokerPortalTestOne -->
