<?xml version="1.0" encoding="UTF-8"?>
<!-- Generated by org.testng.reporters.JUnitXMLReporter -->
<testsuite ignored="0" hostname="STDPW03F8G8" failures="1" tests="2" name="BrokerPortalTestTwo" time="44.865" errors="0" timestamp="13 Mar 2023 15:38:08 GMT">
  <testcase classname="com.portal.tests.AdminPageTest" name="adminPageSearchTest" time="1.01"/>
  <testcase classname="com.portal.tests.AdminPageTest" name="quickQuote" time="30.017">
    <failure type="com.microsoft.playwright.TimeoutError" message="Error {
  message=&amp;apos;Timeout 30000ms exceeded.
=========================== logs ===========================
waiting for locator(&amp;quot;xpath=//input[@placeholder=&amp;apos;Username&amp;apos;]&amp;quot;)
============================================================
  name=&amp;apos;TimeoutError
  stack=&amp;apos;TimeoutError: Timeout 30000ms exceeded.
=========================== logs ===========================
waiting for locator(&amp;quot;xpath=//input[@placeholder=&amp;apos;Username&amp;apos;]&amp;quot;)
============================================================
    at ProgressController.run (C:\Users\KRISHN~1\AppData\Local\Temp\playwright-java-9679724094358227766\package\lib\server\progress.js:88:26)
    at Frame.fill (C:\Users\KRISHN~1\AppData\Local\Temp\playwright-java-9679724094358227766\package\lib\server\frames.js:1062:23)
    at FrameDispatcher.fill (C:\Users\KRISHN~1\AppData\Local\Temp\playwright-java-9679724094358227766\package\lib\server\dispatchers\frameDispatcher.js:161:30)
    at DispatcherConnection.dispatch (C:\Users\KRISHN~1\AppData\Local\Temp\playwright-java-9679724094358227766\package\lib\server\dispatchers\dispatcher.js:319:46)
}">
      <![CDATA[com.microsoft.playwright.TimeoutError: Error {
  message='Timeout 30000ms exceeded.
=========================== logs ===========================
waiting for locator("xpath=//input[@placeholder='Username']")
============================================================
  name='TimeoutError
  stack='TimeoutError: Timeout 30000ms exceeded.
=========================== logs ===========================
waiting for locator("xpath=//input[@placeholder='Username']")
============================================================
    at ProgressController.run (C:\Users\KRISHN~1\AppData\Local\Temp\playwright-java-9679724094358227766\package\lib\server\progress.js:88:26)
    at Frame.fill (C:\Users\KRISHN~1\AppData\Local\Temp\playwright-java-9679724094358227766\package\lib\server\frames.js:1062:23)
    at FrameDispatcher.fill (C:\Users\KRISHN~1\AppData\Local\Temp\playwright-java-9679724094358227766\package\lib\server\dispatchers\frameDispatcher.js:161:30)
    at DispatcherConnection.dispatch (C:\Users\KRISHN~1\AppData\Local\Temp\playwright-java-9679724094358227766\package\lib\server\dispatchers\dispatcher.js:319:46)
}
at com.microsoft.playwright.impl.WaitableResult.get(WaitableResult.java:52)
at com.microsoft.playwright.impl.ChannelOwner.runUntil(ChannelOwner.java:111)
at com.microsoft.playwright.impl.Connection.sendMessage(Connection.java:119)
at com.microsoft.playwright.impl.ChannelOwner.sendMessage(ChannelOwner.java:102)
at com.microsoft.playwright.impl.FrameImpl.fillImpl(FrameImpl.java:335)
at com.microsoft.playwright.impl.PageImpl.lambda$fill$27(PageImpl.java:679)
at com.microsoft.playwright.impl.LoggingSupport.lambda$withLogging$0(LoggingSupport.java:36)
at com.microsoft.playwright.impl.LoggingSupport.withLogging(LoggingSupport.java:47)
at com.microsoft.playwright.impl.ChannelOwner.withLogging(ChannelOwner.java:87)
at com.microsoft.playwright.impl.LoggingSupport.withLogging(LoggingSupport.java:35)
at com.microsoft.playwright.impl.PageImpl.fill(PageImpl.java:678)
at com.microsoft.playwright.Page.fill(Page.java:4438)
at com.portal.pages.HomePage.login(HomePage.java:40)
at com.portal.tests.AdminPageTest.quickQuote(AdminPageTest.java:27)
at java.base/jdk.internal.reflect.NativeMethodAccessorImpl.invoke0(Native Method)
at java.base/jdk.internal.reflect.NativeMethodAccessorImpl.invoke(NativeMethodAccessorImpl.java:77)
at java.base/jdk.internal.reflect.DelegatingMethodAccessorImpl.invoke(DelegatingMethodAccessorImpl.java:43)
at java.base/java.lang.reflect.Method.invoke(Method.java:568)
at org.testng.internal.MethodInvocationHelper.invokeMethod(MethodInvocationHelper.java:124)
at org.testng.internal.Invoker.invokeMethod(Invoker.java:583)
at org.testng.internal.Invoker.invokeTestMethod(Invoker.java:719)
at org.testng.internal.Invoker.invokeTestMethods(Invoker.java:989)
at org.testng.internal.TestMethodWorker.invokeTestMethods(TestMethodWorker.java:125)
at org.testng.internal.TestMethodWorker.run(TestMethodWorker.java:109)
at org.testng.TestRunner.privateRun(TestRunner.java:648)
at org.testng.TestRunner.run(TestRunner.java:505)
at org.testng.SuiteRunner.runTest(SuiteRunner.java:455)
at org.testng.SuiteRunner.access$000(SuiteRunner.java:40)
at org.testng.SuiteRunner$SuiteWorker.run(SuiteRunner.java:489)
at org.testng.internal.thread.ThreadUtil$1.call(ThreadUtil.java:52)
at java.base/java.util.concurrent.FutureTask.run(FutureTask.java:264)
at java.base/java.util.concurrent.ThreadPoolExecutor.runWorker(ThreadPoolExecutor.java:1136)
at java.base/java.util.concurrent.ThreadPoolExecutor$Worker.run(ThreadPoolExecutor.java:635)
at java.base/java.lang.Thread.run(Thread.java:833)
Caused by: com.microsoft.playwright.TimeoutError: Error {
  message='Timeout 30000ms exceeded.
=========================== logs ===========================
waiting for locator("xpath=//input[@placeholder='Username']")
============================================================
  name='TimeoutError
  stack='TimeoutError: Timeout 30000ms exceeded.
=========================== logs ===========================
waiting for locator("xpath=//input[@placeholder='Username']")
============================================================
    at ProgressController.run (C:\Users\KRISHN~1\AppData\Local\Temp\playwright-java-9679724094358227766\package\lib\server\progress.js:88:26)
    at Frame.fill (C:\Users\KRISHN~1\AppData\Local\Temp\playwright-java-9679724094358227766\package\lib\server\frames.js:1062:23)
    at FrameDispatcher.fill (C:\Users\KRISHN~1\AppData\Local\Temp\playwright-java-9679724094358227766\package\lib\server\dispatchers\frameDispatcher.js:161:30)
    at DispatcherConnection.dispatch (C:\Users\KRISHN~1\AppData\Local\Temp\playwright-java-9679724094358227766\package\lib\server\dispatchers\dispatcher.js:319:46)
}
at com.microsoft.playwright.impl.Connection.dispatch(Connection.java:199)
at com.microsoft.playwright.impl.Connection.processOneMessage(Connection.java:181)
at com.microsoft.playwright.impl.ChannelOwner.runUntil(ChannelOwner.java:109)
... 32 more
]]>
    </failure>
  </testcase> <!-- quickQuote -->
</testsuite> <!-- BrokerPortalTestTwo -->
